<?xml version="1.0" encoding="UTF-8"?>
<!-- Generated by org.testng.reporters.JUnitReportReporter -->
<testsuite hostname="DESKTOP-A3FAI7I" name="AddUserTest" tests="1" failures="0" timestamp="12 Jul 2020 04:58:34 GMT" time="9.674" errors="0">
  <testcase name="checkDeleteButton" time="9.674" classname="AddUserTest"/>
</testsuite> <!-- AddUserTest -->
